# JRE version: OpenJDK Runtime Environment (11.0.10) (build 11.0.10+0-b96-7249189)
# Java VM: OpenJDK 64-Bit Server VM (11.0.10+0-b96-7249189, mixed mode, tiered, compressed oops, g1 gc, windows-amd64)
Heap:
 garbage-first heap   total 159744K, used 104741K [0x0000000080000000, 0x0000000100000000)
  region size 1024K, 2 young (2048K), 1 survivors (1024K)
 Metaspace       used 110636K, capacity 113796K, committed 113996K, reserved 1153024K
  class space    used 14191K, capacity 15380K, committed 15436K, reserved 1048576K
GC Heap History (20 events):
Event: 76.709 GC heap before
{Heap before GC invocations=28 (full 0):
 garbage-first heap   total 159744K, used 84444K [0x0000000080000000, 0x0000000100000000)
  region size 1024K, 7 young (7168K), 3 survivors (3072K)
 Metaspace       used 89741K, capacity 91912K, committed 92236K, reserved 1128448K
  class space    used 11455K, capacity 12236K, committed 12364K, reserved 1048576K
}
Event: 76.724 GC heap after
{Heap after GC invocations=29 (full 0):
 garbage-first heap   total 159744K, used 81370K [0x0000000080000000, 0x0000000100000000)
  region size 1024K, 1 young (1024K), 1 survivors (1024K)
 Metaspace       used 89741K, capacity 91912K, committed 92236K, reserved 1128448K
  class space    used 11455K, capacity 12236K, committed 12364K, reserved 1048576K
}
Event: 148.252 GC heap before
{Heap before GC invocations=29 (full 0):
 garbage-first heap   total 159744K, used 124378K [0x0000000080000000, 0x0000000100000000)
  region size 1024K, 44 young (45056K), 1 survivors (1024K)
 Metaspace       used 96800K, capacity 99163K, committed 99276K, reserved 1134592K
  class space    used 12356K, capacity 13187K, committed 13260K, reserved 1048576K
}
Event: 148.267 GC heap after
{Heap after GC invocations=30 (full 0):
 garbage-first heap   total 159744K, used 83322K [0x0000000080000000, 0x0000000100000000)
  region size 1024K, 3 young (3072K), 3 survivors (3072K)
 Metaspace       used 96800K, capacity 99163K, committed 99276K, reserved 1134592K
  class space    used 12356K, capacity 13187K, committed 13260K, reserved 1048576K
}
Event: 152.372 GC heap before
{Heap before GC invocations=31 (full 0):
 garbage-first heap   total 159744K, used 126330K [0x0000000080000000, 0x0000000100000000)
  region size 1024K, 46 young (47104K), 3 survivors (3072K)
 Metaspace       used 97545K, capacity 99848K, committed 100044K, reserved 1136640K
  class space    used 12370K, capacity 13198K, committed 13260K, reserved 1048576K
}
Event: 152.404 GC heap after
{Heap after GC invocations=32 (full 0):
 garbage-first heap   total 159744K, used 87323K [0x0000000080000000, 0x0000000100000000)
  region size 1024K, 6 young (6144K), 6 survivors (6144K)
 Metaspace       used 97545K, capacity 99848K, committed 100044K, reserved 1136640K
  class space    used 12370K, capacity 13198K, committed 13260K, reserved 1048576K
}
Event: 152.483 GC heap before
{Heap before GC invocations=32 (full 0):
 garbage-first heap   total 159744K, used 87323K [0x0000000080000000, 0x0000000100000000)
  region size 1024K, 7 young (7168K), 6 survivors (6144K)
 Metaspace       used 97552K, capacity 99855K, committed 100044K, reserved 1136640K
  class space    used 12371K, capacity 13200K, committed 13260K, reserved 1048576K
}
Event: 152.509 GC heap after
{Heap after GC invocations=33 (full 0):
 garbage-first heap   total 159744K, used 85541K [0x0000000080000000, 0x0000000100000000)
  region size 1024K, 1 young (1024K), 1 survivors (1024K)
 Metaspace       used 97552K, capacity 99855K, committed 100044K, reserved 1136640K
  class space    used 12371K, capacity 13200K, committed 13260K, reserved 1048576K
}
Event: 221.882 GC heap before
{Heap before GC invocations=33 (full 0):
 garbage-first heap   total 159744K, used 127525K [0x0000000080000000, 0x0000000100000000)
  region size 1024K, 43 young (44032K), 1 survivors (1024K)
 Metaspace       used 98031K, capacity 100349K, committed 100556K, reserved 1136640K
  class space    used 12382K, capacity 13217K, committed 13260K, reserved 1048576K
}
Event: 221.919 GC heap after
{Heap after GC invocations=34 (full 0):
 garbage-first heap   total 159744K, used 89345K [0x0000000080000000, 0x0000000100000000)
  region size 1024K, 5 young (5120K), 5 survivors (5120K)
 Metaspace       used 98031K, capacity 100349K, committed 100556K, reserved 1136640K
  class space    used 12382K, capacity 13217K, committed 13260K, reserved 1048576K
}
Event: 227.416 GC heap before
{Heap before GC invocations=35 (full 0):
 garbage-first heap   total 159744K, used 130305K [0x0000000080000000, 0x0000000100000000)
  region size 1024K, 44 young (45056K), 5 survivors (5120K)
 Metaspace       used 99601K, capacity 102038K, committed 102348K, reserved 1138688K
  class space    used 12553K, capacity 13410K, committed 13516K, reserved 1048576K
}
Event: 227.455 GC heap after
{Heap after GC invocations=36 (full 0):
 garbage-first heap   total 159744K, used 99321K [0x0000000080000000, 0x0000000100000000)
  region size 1024K, 6 young (6144K), 6 survivors (6144K)
 Metaspace       used 99601K, capacity 102038K, committed 102348K, reserved 1138688K
  class space    used 12553K, capacity 13410K, committed 13516K, reserved 1048576K
}
Event: 227.565 GC heap before
{Heap before GC invocations=36 (full 0):
 garbage-first heap   total 159744K, used 100345K [0x0000000080000000, 0x0000000100000000)
  region size 1024K, 7 young (7168K), 6 survivors (6144K)
 Metaspace       used 99609K, capacity 102038K, committed 102348K, reserved 1138688K
  class space    used 12553K, capacity 13410K, committed 13516K, reserved 1048576K
}
Event: 227.597 GC heap after
{Heap after GC invocations=37 (full 0):
 garbage-first heap   total 159744K, used 95720K [0x0000000080000000, 0x0000000100000000)
  region size 1024K, 1 young (1024K), 1 survivors (1024K)
 Metaspace       used 99609K, capacity 102038K, committed 102348K, reserved 1138688K
  class space    used 12553K, capacity 13410K, committed 13516K, reserved 1048576K
}
Event: 229.807 GC heap before
{Heap before GC invocations=37 (full 0):
 garbage-first heap   total 159744K, used 129512K [0x0000000080000000, 0x0000000100000000)
  region size 1024K, 33 young (33792K), 1 survivors (1024K)
 Metaspace       used 103032K, capacity 105646K, committed 105932K, reserved 1140736K
  class space    used 13043K, capacity 13993K, committed 14028K, reserved 1048576K
}
Event: 229.821 GC heap after
{Heap after GC invocations=38 (full 0):
 garbage-first heap   total 159744K, used 97589K [0x0000000080000000, 0x0000000100000000)
  region size 1024K, 3 young (3072K), 3 survivors (3072K)
 Metaspace       used 103032K, capacity 105646K, committed 105932K, reserved 1140736K
  class space    used 13043K, capacity 13993K, committed 14028K, reserved 1048576K
}
Event: 231.790 GC heap before
{Heap before GC invocations=38 (full 0):
 garbage-first heap   total 159744K, used 129333K [0x0000000080000000, 0x0000000100000000)
  region size 1024K, 35 young (35840K), 3 survivors (3072K)
 Metaspace       used 107151K, capacity 110049K, committed 110156K, reserved 1144832K
  class space    used 13744K, capacity 14860K, committed 14924K, reserved 1048576K
}
Event: 231.821 GC heap after
{Heap after GC invocations=39 (full 0):
 garbage-first heap   total 159744K, used 103782K [0x0000000080000000, 0x0000000100000000)
  region size 1024K, 5 young (5120K), 5 survivors (5120K)
 Metaspace       used 107151K, capacity 110049K, committed 110156K, reserved 1144832K
  class space    used 13744K, capacity 14860K, committed 14924K, reserved 1048576K
}
Event: 234.353 GC heap before
{Heap before GC invocations=39 (full 0):
 garbage-first heap   total 159744K, used 130406K [0x0000000080000000, 0x0000000100000000)
  region size 1024K, 32 young (32768K), 5 survivors (5120K)
 Metaspace       used 110475K, capacity 113604K, committed 113740K, reserved 1146880K
  class space    used 14189K, capacity 15380K, committed 15436K, reserved 1048576K
}
Event: 234.383 GC heap after
{Heap after GC invocations=40 (full 0):
 garbage-first heap   total 159744K, used 105965K [0x0000000080000000, 0x0000000100000000)
  region size 1024K, 3 young (3072K), 3 survivors (3072K)
 Metaspace       used 110475K, capacity 113604K, committed 113740K, reserved 1146880K
  class space    used 14189K, capacity 15380K, committed 15436K, reserved 1048576K
}

